# JRE version: OpenJDK Runtime Environment Microsoft-8035246 (17.0.8+7) (build 17.0.8+7-LTS)
# Java VM: OpenJDK 64-Bit Server VM Microsoft-8035246 (17.0.8+7-LTS, mixed mode, sharing, tiered, compressed oops, compressed class ptrs, g1 gc, windows-amd64)
GC Precious Log:
 CPUs: 4 total, 4 available
 Memory: 8066M
 Large Page Support: Disabled
 NUMA Support: Disabled
 Compressed Oops: Enabled (32-bit)
 Heap Region Size: 1M
 Heap Min Capacity: 8M
 Heap Initial Capacity: 128M
 Heap Max Capacity: 2G
 Pre-touch: Disabled
 Parallel Workers: 4
 Concurrent Workers: 1
 Concurrent Refinement Workers: 4
 Periodic GC: Disabled
Heap:
 garbage-first heap   total 362496K, used 291541K [0x0000000080000000, 0x0000000100000000)
  region size 1024K, 47 young (48128K), 7 survivors (7168K)
 Metaspace       used 109517K, committed 110976K, reserved 557056K
  class space    used 15054K, committed 15744K, reserved 425984K
GC Heap History (20 events):
Event: 115.236 GC heap before
{Heap before GC invocations=48 (full 0):
 garbage-first heap   total 211968K, used 131779K [0x0000000080000000, 0x0000000100000000)
  region size 1024K, 10 young (10240K), 4 survivors (4096K)
 Metaspace       used 85425K, committed 86336K, reserved 557056K
  class space    used 11882K, committed 12352K, reserved 425984K
}
Event: 115.249 GC heap after
{Heap after GC invocations=49 (full 0):
 garbage-first heap   total 211968K, used 128091K [0x0000000080000000, 0x0000000100000000)
  region size 1024K, 2 young (2048K), 2 survivors (2048K)
 Metaspace       used 85425K, committed 86336K, reserved 557056K
  class space    used 11882K, committed 12352K, reserved 425984K
}
Event: 116.620 GC heap before
{Heap before GC invocations=49 (full 0):
 garbage-first heap   total 211968K, used 172123K [0x0000000080000000, 0x0000000100000000)
  region size 1024K, 42 young (43008K), 2 survivors (2048K)
 Metaspace       used 87203K, committed 88256K, reserved 557056K
  class space    used 12136K, committed 12608K, reserved 425984K
}
Event: 116.636 GC heap after
{Heap after GC invocations=50 (full 0):
 garbage-first heap   total 362496K, used 136861K [0x0000000080000000, 0x0000000100000000)
  region size 1024K, 6 young (6144K), 6 survivors (6144K)
 Metaspace       used 87203K, committed 88256K, reserved 557056K
  class space    used 12136K, committed 12608K, reserved 425984K
}
Event: 120.508 GC heap before
{Heap before GC invocations=50 (full 0):
 garbage-first heap   total 362496K, used 255645K [0x0000000080000000, 0x0000000100000000)
  region size 1024K, 122 young (124928K), 6 survivors (6144K)
 Metaspace       used 92305K, committed 93376K, reserved 557056K
  class space    used 12812K, committed 13312K, reserved 425984K
}
Event: 120.539 GC heap after
{Heap after GC invocations=51 (full 0):
 garbage-first heap   total 362496K, used 147679K [0x0000000080000000, 0x0000000100000000)
  region size 1024K, 16 young (16384K), 16 survivors (16384K)
 Metaspace       used 92305K, committed 93376K, reserved 557056K
  class space    used 12812K, committed 13312K, reserved 425984K
}
Event: 123.698 GC heap before
{Heap before GC invocations=51 (full 0):
 garbage-first heap   total 362496K, used 291039K [0x0000000080000000, 0x0000000100000000)
  region size 1024K, 145 young (148480K), 16 survivors (16384K)
 Metaspace       used 96470K, committed 97600K, reserved 557056K
  class space    used 13349K, committed 13888K, reserved 425984K
}
Event: 123.744 GC heap after
{Heap after GC invocations=52 (full 0):
 garbage-first heap   total 362496K, used 180623K [0x0000000080000000, 0x0000000100000000)
  region size 1024K, 19 young (19456K), 19 survivors (19456K)
 Metaspace       used 96470K, committed 97600K, reserved 557056K
  class space    used 13349K, committed 13888K, reserved 425984K
}
Event: 127.511 GC heap before
{Heap before GC invocations=52 (full 0):
 garbage-first heap   total 362496K, used 286095K [0x0000000080000000, 0x0000000100000000)
  region size 1024K, 117 young (119808K), 19 survivors (19456K)
 Metaspace       used 100127K, committed 101440K, reserved 557056K
  class space    used 13861K, committed 14464K, reserved 425984K
}
Event: 127.556 GC heap after
{Heap after GC invocations=53 (full 0):
 garbage-first heap   total 362496K, used 205312K [0x0000000080000000, 0x0000000100000000)
  region size 1024K, 15 young (15360K), 15 survivors (15360K)
 Metaspace       used 100127K, committed 101440K, reserved 557056K
  class space    used 13861K, committed 14464K, reserved 425984K
}
Event: 131.390 GC heap before
{Heap before GC invocations=53 (full 0):
 garbage-first heap   total 362496K, used 286208K [0x0000000080000000, 0x0000000100000000)
  region size 1024K, 94 young (96256K), 15 survivors (15360K)
 Metaspace       used 104861K, committed 106112K, reserved 557056K
  class space    used 14496K, committed 15040K, reserved 425984K
}
Event: 131.439 GC heap after
{Heap after GC invocations=54 (full 0):
 garbage-first heap   total 362496K, used 219648K [0x0000000080000000, 0x0000000100000000)
  region size 1024K, 12 young (12288K), 12 survivors (12288K)
 Metaspace       used 104861K, committed 106112K, reserved 557056K
  class space    used 14496K, committed 15040K, reserved 425984K
}
Event: 134.713 GC heap before
{Heap before GC invocations=54 (full 0):
 garbage-first heap   total 362496K, used 289280K [0x0000000080000000, 0x0000000100000000)
  region size 1024K, 80 young (81920K), 12 survivors (12288K)
 Metaspace       used 107270K, committed 108608K, reserved 557056K
  class space    used 14773K, committed 15424K, reserved 425984K
}
Event: 134.761 GC heap after
{Heap after GC invocations=55 (full 0):
 garbage-first heap   total 362496K, used 231424K [0x0000000080000000, 0x0000000100000000)
  region size 1024K, 10 young (10240K), 10 survivors (10240K)
 Metaspace       used 107270K, committed 108608K, reserved 557056K
  class space    used 14773K, committed 15424K, reserved 425984K
}
Event: 137.076 GC heap before
{Heap before GC invocations=55 (full 0):
 garbage-first heap   total 362496K, used 293887K [0x0000000080000000, 0x0000000100000000)
  region size 1024K, 72 young (73728K), 10 survivors (10240K)
 Metaspace       used 108697K, committed 110080K, reserved 557056K
  class space    used 14923K, committed 15552K, reserved 425984K
}
Event: 137.110 GC heap after
{Heap after GC invocations=56 (full 0):
 garbage-first heap   total 362496K, used 238592K [0x0000000080000000, 0x0000000100000000)
  region size 1024K, 7 young (7168K), 7 survivors (7168K)
 Metaspace       used 108697K, committed 110080K, reserved 557056K
  class space    used 14923K, committed 15552K, reserved 425984K
}
Event: 140.363 GC heap before
{Heap before GC invocations=56 (full 0):
 garbage-first heap   total 362496K, used 296960K [0x0000000080000000, 0x0000000100000000)
  region size 1024K, 65 young (66560K), 7 survivors (7168K)
 Metaspace       used 109242K, committed 110720K, reserved 557056K
  class space    used 15028K, committed 15744K, reserved 425984K
}
Event: 140.394 GC heap after
{Heap after GC invocations=57 (full 0):
 garbage-first heap   total 362496K, used 246784K [0x0000000080000000, 0x0000000100000000)
  region size 1024K, 8 young (8192K), 8 survivors (8192K)
 Metaspace       used 109242K, committed 110720K, reserved 557056K
  class space    used 15028K, committed 15744K, reserved 425984K
}
Event: 144.449 GC heap before
{Heap before GC invocations=57 (full 0):
 garbage-first heap   total 362496K, used 302080K [0x0000000080000000, 0x0000000100000000)
  region size 1024K, 62 young (63488K), 8 survivors (8192K)
 Metaspace       used 109243K, committed 110720K, reserved 557056K
  class space    used 15028K, committed 15744K, reserved 425984K
}
Event: 144.472 GC heap after
{Heap after GC invocations=58 (full 0):
 garbage-first heap   total 362496K, used 252629K [0x0000000080000000, 0x0000000100000000)
  region size 1024K, 7 young (7168K), 7 survivors (7168K)
 Metaspace       used 109243K, committed 110720K, reserved 557056K
  class space    used 15028K, committed 15744K, reserved 425984K
}

